<?xml version="1.0" encoding="UTF-8"?>
<testsuites>
  <testsuite name="" tests="9" assertions="18" errors="0" warnings="0" failures="0" skipped="0" time="0.071039">
    <testsuite name="unit-tests" tests="9" assertions="18" errors="0" warnings="0" failures="0" skipped="0" time="0.071039">
      <testsuite name="Application\Tests\Unit\Application\ApplicationTest" file="/home/andersoncontreira/Documents/Projetos/andersoncontreira/php-design-patterns-guide/tests/Unit/Application/ApplicationTest.php" tests="1" assertions="2" errors="0" warnings="0" failures="0" skipped="0" time="0.019346">
        <testcase name="testInstanceContainer" class="Application\Tests\Unit\Application\ApplicationTest" classname="Application.Tests.Unit.Application.ApplicationTest" file="/home/andersoncontreira/Documents/Projetos/andersoncontreira/php-design-patterns-guide/tests/Unit/Application/ApplicationTest.php" line="27" assertions="2" time="0.019346"/>
      </testsuite>
      <testsuite name="Application\Tests\Unit\Application\Caching\RedisCachingClientTest" file="/home/andersoncontreira/Documents/Projetos/andersoncontreira/php-design-patterns-guide/tests/Unit/Application/Caching/RedisCachingClientTest.php" tests="8" assertions="16" errors="0" warnings="0" failures="0" skipped="0" time="0.051693">
        <testsuite name="Application\Tests\Unit\Application\Caching\RedisCachingClientTest::testNewInstance" tests="4" assertions="8" errors="0" warnings="0" failures="0" skipped="0" time="0.023943">
          <testcase name="testNewInstance with data set #0" class="Application\Tests\Unit\Application\Caching\RedisCachingClientTest" classname="Application.Tests.Unit.Application.Caching.RedisCachingClientTest" file="/home/andersoncontreira/Documents/Projetos/andersoncontreira/php-design-patterns-guide/tests/Unit/Application/Caching/RedisCachingClientTest.php" line="33" assertions="2" time="0.008868"/>
          <testcase name="testNewInstance with data set #1" class="Application\Tests\Unit\Application\Caching\RedisCachingClientTest" classname="Application.Tests.Unit.Application.Caching.RedisCachingClientTest" file="/home/andersoncontreira/Documents/Projetos/andersoncontreira/php-design-patterns-guide/tests/Unit/Application/Caching/RedisCachingClientTest.php" line="33" assertions="2" time="0.003437"/>
          <testcase name="testNewInstance with data set #2" class="Application\Tests\Unit\Application\Caching\RedisCachingClientTest" classname="Application.Tests.Unit.Application.Caching.RedisCachingClientTest" file="/home/andersoncontreira/Documents/Projetos/andersoncontreira/php-design-patterns-guide/tests/Unit/Application/Caching/RedisCachingClientTest.php" line="33" assertions="2" time="0.005994"/>
          <testcase name="testNewInstance with data set #3" class="Application\Tests\Unit\Application\Caching\RedisCachingClientTest" classname="Application.Tests.Unit.Application.Caching.RedisCachingClientTest" file="/home/andersoncontreira/Documents/Projetos/andersoncontreira/php-design-patterns-guide/tests/Unit/Application/Caching/RedisCachingClientTest.php" line="33" assertions="2" time="0.005644"/>
        </testsuite>
        <testsuite name="Application\Tests\Unit\Application\Caching\RedisCachingClientTest::testConnection" tests="4" assertions="8" errors="0" warnings="0" failures="0" skipped="0" time="0.027750">
          <testcase name="testConnection with data set #0" class="Application\Tests\Unit\Application\Caching\RedisCachingClientTest" classname="Application.Tests.Unit.Application.Caching.RedisCachingClientTest" file="/home/andersoncontreira/Documents/Projetos/andersoncontreira/php-design-patterns-guide/tests/Unit/Application/Caching/RedisCachingClientTest.php" line="64" assertions="2" time="0.006439"/>
          <testcase name="testConnection with data set #1" class="Application\Tests\Unit\Application\Caching\RedisCachingClientTest" classname="Application.Tests.Unit.Application.Caching.RedisCachingClientTest" file="/home/andersoncontreira/Documents/Projetos/andersoncontreira/php-design-patterns-guide/tests/Unit/Application/Caching/RedisCachingClientTest.php" line="64" assertions="2" time="0.004388"/>
          <testcase name="testConnection with data set #2" class="Application\Tests\Unit\Application\Caching\RedisCachingClientTest" classname="Application.Tests.Unit.Application.Caching.RedisCachingClientTest" file="/home/andersoncontreira/Documents/Projetos/andersoncontreira/php-design-patterns-guide/tests/Unit/Application/Caching/RedisCachingClientTest.php" line="64" assertions="2" time="0.005935"/>
          <testcase name="testConnection with data set #3" class="Application\Tests\Unit\Application\Caching\RedisCachingClientTest" classname="Application.Tests.Unit.Application.Caching.RedisCachingClientTest" file="/home/andersoncontreira/Documents/Projetos/andersoncontreira/php-design-patterns-guide/tests/Unit/Application/Caching/RedisCachingClientTest.php" line="64" assertions="2" time="0.010987"/>
        </testsuite>
      </testsuite>
    </testsuite>
  </testsuite>
</testsuites>
