<?xml version="1.0" encoding="UTF-8"?>
<coverage generated="1655761654">
  <project timestamp="1655761654">
    <file name="/home/andersoncontreira/Documents/Projetos/andersoncontreira/php-design-patterns-guide/src/Application/Application.php">
      <class name="Application\Application" namespace="global">
        <metrics complexity="20" methods="11" coveredmethods="6" conditionals="0" coveredconditionals="0" statements="32" coveredstatements="14" elements="43" coveredelements="20"/>
      </class>
      <line num="48" type="method" name="__construct" visibility="public" complexity="1" crap="1" count="8"/>
      <line num="50" type="stmt" count="8"/>
      <line num="52" type="stmt" count="8"/>
      <line num="58" type="method" name="bootstrapContainer" visibility="protected" complexity="1" crap="1" count="8"/>
      <line num="63" type="stmt" count="8"/>
      <line num="68" type="stmt" count="8"/>
      <line num="69" type="stmt" count="8"/>
      <line num="72" type="stmt" count="8"/>
      <line num="73" type="stmt" count="8"/>
      <line num="75" type="stmt" count="8"/>
      <line num="76" type="stmt" count="8"/>
      <line num="77" type="stmt" count="8"/>
      <line num="85" type="method" name="boot" visibility="public" complexity="3" crap="12" count="0"/>
      <line num="87" type="stmt" count="0"/>
      <line num="88" type="stmt" count="0"/>
      <line num="91" type="stmt" count="0"/>
      <line num="92" type="stmt" count="0"/>
      <line num="95" type="stmt" count="0"/>
      <line num="103" type="method" name="path" visibility="public" complexity="1" crap="1" count="8"/>
      <line num="105" type="stmt" count="8"/>
      <line num="114" type="method" name="environment" visibility="public" complexity="2" crap="2" count="8"/>
      <line num="116" type="stmt" count="8"/>
      <line num="125" type="method" name="instance" visibility="private" complexity="1" crap="1" count="8"/>
      <line num="127" type="stmt" count="8"/>
      <line num="134" type="method" name="get" visibility="public" complexity="1" crap="2" count="0"/>
      <line num="136" type="stmt" count="0"/>
      <line num="145" type="method" name="providerIsLoaded" visibility="public" complexity="1" crap="2" count="0"/>
      <line num="147" type="stmt" count="0"/>
      <line num="156" type="method" name="bootProvider" visibility="protected" complexity="2" crap="6" count="0"/>
      <line num="158" type="stmt" count="0"/>
      <line num="159" type="stmt" count="0"/>
      <line num="169" type="method" name="register" visibility="public" complexity="5" crap="30" count="0"/>
      <line num="171" type="stmt" count="0"/>
      <line num="172" type="stmt" count="0"/>
      <line num="175" type="stmt" count="0"/>
      <line num="176" type="stmt" count="0"/>
      <line num="179" type="stmt" count="0"/>
      <line num="181" type="stmt" count="0"/>
      <line num="182" type="stmt" count="0"/>
      <line num="185" type="stmt" count="0"/>
      <line num="186" type="stmt" count="0"/>
      <line num="204" type="method" name="getContainer" visibility="public" complexity="1" crap="1" count="8"/>
      <line num="206" type="stmt" count="8"/>
      <metrics loc="209" ncloc="124" classes="1" methods="11" coveredmethods="6" conditionals="0" coveredconditionals="0" statements="32" coveredstatements="14" elements="43" coveredelements="20"/>
    </file>
    <file name="/home/andersoncontreira/Documents/Projetos/andersoncontreira/php-design-patterns-guide/src/Application/Caching/AbstractCaching.php">
      <class name="Application\Caching\AbstractCaching" namespace="global">
        <metrics complexity="0" methods="0" coveredmethods="0" conditionals="0" coveredconditionals="0" statements="0" coveredstatements="0" elements="0" coveredelements="0"/>
      </class>
      <metrics loc="10" ncloc="10" classes="0" methods="0" coveredmethods="0" conditionals="0" coveredconditionals="0" statements="0" coveredstatements="0" elements="0" coveredelements="0"/>
    </file>
    <file name="/home/andersoncontreira/Documents/Projetos/andersoncontreira/php-design-patterns-guide/src/Application/Caching/MemcachedCachingClient.php">
      <class name="Application\Caching\MemcachedCachingClient" namespace="global">
        <metrics complexity="0" methods="0" coveredmethods="0" conditionals="0" coveredconditionals="0" statements="0" coveredstatements="0" elements="0" coveredelements="0"/>
      </class>
      <metrics loc="10" ncloc="10" classes="0" methods="0" coveredmethods="0" conditionals="0" coveredconditionals="0" statements="0" coveredstatements="0" elements="0" coveredelements="0"/>
    </file>
    <file name="/home/andersoncontreira/Documents/Projetos/andersoncontreira/php-design-patterns-guide/src/Application/Caching/RedisCachingClient.php">
      <class name="Application\Caching\RedisCachingClient" namespace="global">
        <metrics complexity="3" methods="2" coveredmethods="2" conditionals="0" coveredconditionals="0" statements="4" coveredstatements="4" elements="6" coveredelements="6"/>
      </class>
      <line num="20" type="method" name="__construct" visibility="public" complexity="2" crap="2" count="8"/>
      <line num="22" type="stmt" count="8"/>
      <line num="23" type="stmt" count="6"/>
      <line num="25" type="stmt" count="2"/>
      <line num="32" type="method" name="getCacheClient" visibility="public" complexity="1" crap="1" count="8"/>
      <line num="34" type="stmt" count="8"/>
      <metrics loc="37" ncloc="27" classes="1" methods="2" coveredmethods="2" conditionals="0" coveredconditionals="0" statements="4" coveredstatements="4" elements="6" coveredelements="6"/>
    </file>
    <file name="/home/andersoncontreira/Documents/Projetos/andersoncontreira/php-design-patterns-guide/src/Application/Factories/CachingFactory.php">
      <class name="Application\Factories\CachingFactory" namespace="global">
        <metrics complexity="0" methods="0" coveredmethods="0" conditionals="0" coveredconditionals="0" statements="0" coveredstatements="0" elements="0" coveredelements="0"/>
      </class>
      <metrics loc="10" ncloc="10" classes="0" methods="0" coveredmethods="0" conditionals="0" coveredconditionals="0" statements="0" coveredstatements="0" elements="0" coveredelements="0"/>
    </file>
    <file name="/home/andersoncontreira/Documents/Projetos/andersoncontreira/php-design-patterns-guide/src/Application/Factories/ConfigFactory.php">
      <class name="Application\Factories\ConfigFactory" namespace="global">
        <metrics complexity="0" methods="0" coveredmethods="0" conditionals="0" coveredconditionals="0" statements="0" coveredstatements="0" elements="0" coveredelements="0"/>
      </class>
      <metrics loc="10" ncloc="10" classes="0" methods="0" coveredmethods="0" conditionals="0" coveredconditionals="0" statements="0" coveredstatements="0" elements="0" coveredelements="0"/>
    </file>
    <file name="/home/andersoncontreira/Documents/Projetos/andersoncontreira/php-design-patterns-guide/src/Application/Factories/ProductFactory.php">
      <class name="Application\Factories\ProductFactory" namespace="global">
        <metrics complexity="0" methods="0" coveredmethods="0" conditionals="0" coveredconditionals="0" statements="0" coveredstatements="0" elements="0" coveredelements="0"/>
      </class>
      <metrics loc="10" ncloc="10" classes="0" methods="0" coveredmethods="0" conditionals="0" coveredconditionals="0" statements="0" coveredstatements="0" elements="0" coveredelements="0"/>
    </file>
    <file name="/home/andersoncontreira/Documents/Projetos/andersoncontreira/php-design-patterns-guide/src/Application/Interfaces/Category.php">
      <metrics loc="8" ncloc="8" classes="0" methods="0" coveredmethods="0" conditionals="0" coveredconditionals="0" statements="0" coveredstatements="0" elements="0" coveredelements="0"/>
    </file>
    <file name="/home/andersoncontreira/Documents/Projetos/andersoncontreira/php-design-patterns-guide/src/Application/Interfaces/Product.php">
      <metrics loc="8" ncloc="8" classes="0" methods="0" coveredmethods="0" conditionals="0" coveredconditionals="0" statements="0" coveredstatements="0" elements="0" coveredelements="0"/>
    </file>
    <file name="/home/andersoncontreira/Documents/Projetos/andersoncontreira/php-design-patterns-guide/src/Application/Logger/ConsoleLogger.php">
      <class name="Application\Logger\ConsoleLogger" namespace="global">
        <metrics complexity="3" methods="1" coveredmethods="0" conditionals="0" coveredconditionals="0" statements="8" coveredstatements="7" elements="9" coveredelements="7"/>
      </class>
      <line num="21" type="method" name="__construct" visibility="public" complexity="3" crap="3.02" count="8"/>
      <line num="23" type="stmt" count="8"/>
      <line num="25" type="stmt" count="8"/>
      <line num="26" type="stmt" count="0"/>
      <line num="28" type="stmt" count="8"/>
      <line num="29" type="stmt" count="8"/>
      <line num="30" type="stmt" count="8"/>
      <line num="31" type="stmt" count="8"/>
      <line num="33" type="stmt" count="8"/>
      <metrics loc="36" ncloc="33" classes="1" methods="1" coveredmethods="0" conditionals="0" coveredconditionals="0" statements="8" coveredstatements="7" elements="9" coveredelements="7"/>
    </file>
    <file name="/home/andersoncontreira/Documents/Projetos/andersoncontreira/php-design-patterns-guide/src/Application/Logger/Formatter/ConsoleFormatter.php">
      <class name="Application\Logger\Formatter\ConsoleFormatter" namespace="global">
        <metrics complexity="2" methods="2" coveredmethods="0" conditionals="0" coveredconditionals="0" statements="3" coveredstatements="0" elements="5" coveredelements="0"/>
      </class>
      <line num="23" type="method" name="format" visibility="public" complexity="1" crap="2" count="0"/>
      <line num="25" type="stmt" count="0"/>
      <line num="27" type="stmt" count="0"/>
      <line num="37" type="method" name="formatBatch" visibility="public" complexity="1" crap="2" count="0"/>
      <line num="39" type="stmt" count="0"/>
      <metrics loc="42" ncloc="23" classes="1" methods="2" coveredmethods="0" conditionals="0" coveredconditionals="0" statements="3" coveredstatements="0" elements="5" coveredelements="0"/>
    </file>
    <file name="/home/andersoncontreira/Documents/Projetos/andersoncontreira/php-design-patterns-guide/src/Application/Providers/ConfigurationProvider.php">
      <class name="Application\Providers\ConfigurationProvider" namespace="global">
        <metrics complexity="2" methods="0" coveredmethods="0" conditionals="0" coveredconditionals="0" statements="0" coveredstatements="0" elements="0" coveredelements="0"/>
      </class>
      <metrics loc="20" ncloc="17" classes="0" methods="0" coveredmethods="0" conditionals="0" coveredconditionals="0" statements="0" coveredstatements="0" elements="0" coveredelements="0"/>
    </file>
    <file name="/home/andersoncontreira/Documents/Projetos/andersoncontreira/php-design-patterns-guide/src/Application/Providers/ServiceProvider.php">
      <metrics loc="8" ncloc="8" classes="0" methods="0" coveredmethods="0" conditionals="0" coveredconditionals="0" statements="0" coveredstatements="0" elements="0" coveredelements="0"/>
    </file>
    <file name="/home/andersoncontreira/Documents/Projetos/andersoncontreira/php-design-patterns-guide/src/Application/Validators/Rules/ValidatorRule.php">
      <metrics loc="8" ncloc="8" classes="0" methods="0" coveredmethods="0" conditionals="0" coveredconditionals="0" statements="0" coveredstatements="0" elements="0" coveredelements="0"/>
    </file>
    <metrics files="14" loc="426" ncloc="306" classes="4" methods="16" coveredmethods="8" conditionals="0" coveredconditionals="0" statements="47" coveredstatements="25" elements="63" coveredelements="33"/>
  </project>
</coverage>
