<?xml version="1.0" encoding="UTF-8"?>
<testsuites>
  <testsuite name="" tests="8" assertions="16" errors="0" warnings="0" failures="0" skipped="0" time="0.025529">
    <testsuite name="component-tests" tests="8" assertions="16" errors="0" warnings="0" failures="0" skipped="0" time="0.025529">
      <testsuite name="Application\Tests\Component\Application\Caching\RedisCachingClientTest" file="/home/andersoncontreira/Documents/Projetos/andersoncontreira/php-design-patterns-guide/tests/Component/Application/Caching/RedisCachingClientTest.php" tests="8" assertions="16" errors="0" warnings="0" failures="0" skipped="0" time="0.025529">
        <testsuite name="Application\Tests\Component\Application\Caching\RedisCachingClientTest::testNewInstance" tests="4" assertions="8" errors="0" warnings="0" failures="0" skipped="0" time="0.015699">
          <testcase name="testNewInstance with data set #0" class="Application\Tests\Component\Application\Caching\RedisCachingClientTest" classname="Application.Tests.Component.Application.Caching.RedisCachingClientTest" file="/home/andersoncontreira/Documents/Projetos/andersoncontreira/php-design-patterns-guide/tests/Component/Application/Caching/RedisCachingClientTest.php" line="32" assertions="2" time="0.011434"/>
          <testcase name="testNewInstance with data set #1" class="Application\Tests\Component\Application\Caching\RedisCachingClientTest" classname="Application.Tests.Component.Application.Caching.RedisCachingClientTest" file="/home/andersoncontreira/Documents/Projetos/andersoncontreira/php-design-patterns-guide/tests/Component/Application/Caching/RedisCachingClientTest.php" line="32" assertions="2" time="0.001199"/>
          <testcase name="testNewInstance with data set #2" class="Application\Tests\Component\Application\Caching\RedisCachingClientTest" classname="Application.Tests.Component.Application.Caching.RedisCachingClientTest" file="/home/andersoncontreira/Documents/Projetos/andersoncontreira/php-design-patterns-guide/tests/Component/Application/Caching/RedisCachingClientTest.php" line="32" assertions="2" time="0.001539"/>
          <testcase name="testNewInstance with data set #3" class="Application\Tests\Component\Application\Caching\RedisCachingClientTest" classname="Application.Tests.Component.Application.Caching.RedisCachingClientTest" file="/home/andersoncontreira/Documents/Projetos/andersoncontreira/php-design-patterns-guide/tests/Component/Application/Caching/RedisCachingClientTest.php" line="32" assertions="2" time="0.001526"/>
        </testsuite>
        <testsuite name="Application\Tests\Component\Application\Caching\RedisCachingClientTest::testConnection" tests="4" assertions="8" errors="0" warnings="0" failures="0" skipped="0" time="0.009830">
          <testcase name="testConnection with data set #0" class="Application\Tests\Component\Application\Caching\RedisCachingClientTest" classname="Application.Tests.Component.Application.Caching.RedisCachingClientTest" file="/home/andersoncontreira/Documents/Projetos/andersoncontreira/php-design-patterns-guide/tests/Component/Application/Caching/RedisCachingClientTest.php" line="58" assertions="2" time="0.002306"/>
          <testcase name="testConnection with data set #1" class="Application\Tests\Component\Application\Caching\RedisCachingClientTest" classname="Application.Tests.Component.Application.Caching.RedisCachingClientTest" file="/home/andersoncontreira/Documents/Projetos/andersoncontreira/php-design-patterns-guide/tests/Component/Application/Caching/RedisCachingClientTest.php" line="58" assertions="2" time="0.001409"/>
          <testcase name="testConnection with data set #2" class="Application\Tests\Component\Application\Caching\RedisCachingClientTest" classname="Application.Tests.Component.Application.Caching.RedisCachingClientTest" file="/home/andersoncontreira/Documents/Projetos/andersoncontreira/php-design-patterns-guide/tests/Component/Application/Caching/RedisCachingClientTest.php" line="58" assertions="2" time="0.001869"/>
          <testcase name="testConnection with data set #3" class="Application\Tests\Component\Application\Caching\RedisCachingClientTest" classname="Application.Tests.Component.Application.Caching.RedisCachingClientTest" file="/home/andersoncontreira/Documents/Projetos/andersoncontreira/php-design-patterns-guide/tests/Component/Application/Caching/RedisCachingClientTest.php" line="58" assertions="2" time="0.004247"/>
        </testsuite>
      </testsuite>
    </testsuite>
  </testsuite>
</testsuites>
